Using pre-set license
Built from '2020.3/china_unity/release' branch; Version is '2020.3.0f1c1 (1e553bf703d9) revision 1987899'; Using compiler version '192528614'; Build Type 'Release'
OS: 'Windows 10 Home China; OS build 19042.1237; Version 2009; 64bit' Language: 'zh' Physical Memory: 14198 MB
BatchMode: 1, IsHumanControllingUs: 0, StartBugReporterOnCrash: 0, Is64bit: 1, IsPro: 0

 COMMAND LINE ARGUMENTS:
C:\Program Files\Unity\Hub\Editor\2020.3.0f1c1\Editor\Unity.exe
-adb2
-batchMode
-noUpm
-name
AssetImportWorker0
-projectPath
D:/Project/9.19ProgramLesson/unity/Lesson
-logFile
Logs/AssetImportWorker0.log
-srvPort
7042
Successfully changed project path to: D:/Project/9.19ProgramLesson/unity/Lesson
D:/Project/9.19ProgramLesson/unity/Lesson
Using Asset Import Pipeline V2.
Refreshing native plugins compatible for Editor in 36.23 ms, found 1 plugins.
Preloading 0 native plugins for Editor in 0.00 ms.
Initialize engine version: 2020.3.0f1c1 (1e553bf703d9)
[Subsystems] Discovering subsystems at path C:/Program Files/Unity/Hub/Editor/2020.3.0f1c1/Editor/Data/Resources/UnitySubsystems
[Subsystems] Discovering subsystems at path D:/Project/9.19ProgramLesson/unity/Lesson/Assets
GfxDevice: creating device client; threaded=0
Direct3D:
    Version:  Direct3D 11.0 [level 11.1]
    Renderer: AMD Radeon(TM) Graphics (ID=0x1638)
    Vendor:   
    VRAM:     7099 MB
    Driver:   27.20.14028.14001
Initialize mono
Mono path[0] = 'C:/Program Files/Unity/Hub/Editor/2020.3.0f1c1/Editor/Data/Managed'
Mono path[1] = 'C:/Program Files/Unity/Hub/Editor/2020.3.0f1c1/Editor/Data/MonoBleedingEdge/lib/mono/unityjit'
Mono config path = 'C:/Program Files/Unity/Hub/Editor/2020.3.0f1c1/Editor/Data/MonoBleedingEdge/etc'
Using monoOptions --debugger-agent=transport=dt_socket,embedding=1,server=y,suspend=n,address=127.0.0.1:56720
Begin MonoManager ReloadAssembly
Registering precompiled unity dll's ...
Register platform support module: C:/Program Files/Unity/Hub/Editor/2020.3.0f1c1/Editor/Data/PlaybackEngines/WindowsStandaloneSupport/UnityEditor.WindowsStandalone.Extensions.dll
Registered in 0.004259 seconds.
Native extension for WindowsStandalone target not found
Refreshing native plugins compatible for Editor in 31.12 ms, found 1 plugins.
Preloading 0 native plugins for Editor in 0.00 ms.
Invoked RoslynAnalysisRunner static constructor.
RoslynAnalysisRunner will not be running.
RoslynAnalysisRunner has terminated.
Mono: successfully reloaded assembly
- Completed reload, in  1.852 seconds
Platform modules already initialized, skipping
Registering precompiled user dll's ...
Registered in 0.000907 seconds.
Begin MonoManager ReloadAssembly
Native extension for WindowsStandalone target not found
Refreshing native plugins compatible for Editor in 30.07 ms, found 1 plugins.
Preloading 0 native plugins for Editor in 0.00 ms.
Invoked RoslynAnalysisRunner static constructor.
RoslynAnalysisRunner will not be running.
RoslynAnalysisRunner has terminated.
Mono: successfully reloaded assembly
- Completed reload, in  0.841 seconds
Platform modules already initialized, skipping
========================================================================
Worker process is ready to serve import requests
Launched and connected shader compiler UnityShaderCompiler.exe after 0.07 seconds
Refreshing native plugins compatible for Editor in 0.41 ms, found 1 plugins.
Preloading 0 native plugins for Editor in 0.00 ms.
Unloading 1990 Unused Serialized files (Serialized files now loaded: 0)
System memory in use before: 91.5 MB.
System memory in use after: 91.6 MB.

Unloading 20 unused Assets to reduce memory usage. Loaded Objects now: 2440.
Total: 2.413600 ms (FindLiveObjects: 0.305900 ms CreateObjectMapping: 0.128100 ms MarkObjects: 1.899200 ms  DeleteObjects: 0.079500 ms)

========================================================================
Received Import Request.
  path: Assets/UI_03.psd
  artifactKey: Guid(9eab19a5d5582e24eaf78176ea3f186b) Importer(815301076,1909f56bfc062723c751e8b465ee728b)
Start importing Assets/UI_03.psd using Guid(9eab19a5d5582e24eaf78176ea3f186b) Importer(815301076,1909f56bfc062723c751e8b465ee728b)  -> (artifact id: 'fa1e7595bc27206dcf9aa3740d935921') in 0.082627 seconds
  Import took 0.086261 seconds .

========================================================================
Received Import Request.
  Time since last request: 0.000272 seconds.
  path: Assets/1.png
  artifactKey: Guid(e29f906d9ea96d24da52179becafe6bf) Importer(815301076,1909f56bfc062723c751e8b465ee728b)
Start importing Assets/1.png using Guid(e29f906d9ea96d24da52179becafe6bf) Importer(815301076,1909f56bfc062723c751e8b465ee728b)  -> (artifact id: '5bf3b52a9724b12167d48f4a66d5adb1') in 0.021836 seconds
  Import took 0.025567 seconds .

========================================================================
Received Import Request.
  Time since last request: 15.235528 seconds.
  path: Assets/UI_04.png
  artifactKey: Guid(e29f906d9ea96d24da52179becafe6bf) Importer(815301076,1909f56bfc062723c751e8b465ee728b)
Start importing Assets/UI_04.png using Guid(e29f906d9ea96d24da52179becafe6bf) Importer(815301076,1909f56bfc062723c751e8b465ee728b)  -> (artifact id: 'e55637bed286072196cfe4d564df499b') in 0.012358 seconds
  Import took 0.016882 seconds .

========================================================================
Received Import Request.
  Time since last request: 18.312815 seconds.
  path: Assets/UI_04.png
  artifactKey: Guid(e29f906d9ea96d24da52179becafe6bf) Importer(815301076,1909f56bfc062723c751e8b465ee728b)
Start importing Assets/UI_04.png using Guid(e29f906d9ea96d24da52179becafe6bf) Importer(815301076,1909f56bfc062723c751e8b465ee728b)  -> (artifact id: '8e34be7d86bd9ccae81f30147b26208d') in 0.012359 seconds
  Import took 0.016832 seconds .

========================================================================
Received Import Request.
  Time since last request: 76.211979 seconds.
  path: Assets/UI_04.png
  artifactKey: Guid(e29f906d9ea96d24da52179becafe6bf) Importer(815301076,1909f56bfc062723c751e8b465ee728b)
Start importing Assets/UI_04.png using Guid(e29f906d9ea96d24da52179becafe6bf) Importer(815301076,1909f56bfc062723c751e8b465ee728b)  -> (artifact id: 'b2ecb85010f702fc89f038b07cc44927') in 0.006505 seconds
  Import took 0.011432 seconds .

========================================================================
Received Import Request.
  Time since last request: 79.697464 seconds.
  path: Assets/UI_04.png
  artifactKey: Guid(e29f906d9ea96d24da52179becafe6bf) Importer(815301076,1909f56bfc062723c751e8b465ee728b)
Start importing Assets/UI_04.png using Guid(e29f906d9ea96d24da52179becafe6bf) Importer(815301076,1909f56bfc062723c751e8b465ee728b)  -> (artifact id: '79cffc206bdbcde799a3d1be733a8728') in 0.076847 seconds
  Import took 0.083204 seconds .

========================================================================
Received Import Request.
  Time since last request: 496.457398 seconds.
  path: Assets/UI_04.png
  artifactKey: Guid(e29f906d9ea96d24da52179becafe6bf) Importer(815301076,1909f56bfc062723c751e8b465ee728b)
Start importing Assets/UI_04.png using Guid(e29f906d9ea96d24da52179becafe6bf) Importer(815301076,1909f56bfc062723c751e8b465ee728b)  -> (artifact id: '61835898f4b80f9507c058478e7a6b14') in 0.087159 seconds
  Import took 0.092210 seconds .

========================================================================
Received Import Request.
  Time since last request: 205.470962 seconds.
  path: Assets/UI_04.png
  artifactKey: Guid(e29f906d9ea96d24da52179becafe6bf) Importer(815301076,1909f56bfc062723c751e8b465ee728b)
Start importing Assets/UI_04.png using Guid(e29f906d9ea96d24da52179becafe6bf) Importer(815301076,1909f56bfc062723c751e8b465ee728b)  -> (artifact id: 'ccd4c54aec740bc4a0b1b0cd28aaadbe') in 0.071518 seconds
  Import took 0.078993 seconds .

========================================================================
Received Import Request.
  Time since last request: 52.672295 seconds.
  path: Assets/UI_04.png
  artifactKey: Guid(e29f906d9ea96d24da52179becafe6bf) Importer(815301076,1909f56bfc062723c751e8b465ee728b)
Start importing Assets/UI_04.png using Guid(e29f906d9ea96d24da52179becafe6bf) Importer(815301076,1909f56bfc062723c751e8b465ee728b)  -> (artifact id: '546eaf29cb995a43083b44ff5d7acebe') in 0.053222 seconds
  Import took 0.058854 seconds .

========================================================================
Received Import Request.
  Time since last request: 22.051022 seconds.
  path: Assets/UI_04.png
  artifactKey: Guid(e29f906d9ea96d24da52179becafe6bf) Importer(815301076,1909f56bfc062723c751e8b465ee728b)
Start importing Assets/UI_04.png using Guid(e29f906d9ea96d24da52179becafe6bf) Importer(815301076,1909f56bfc062723c751e8b465ee728b)  -> (artifact id: '589339b06eb79022a08514f23432c45a') in 0.046012 seconds
  Import took 0.052630 seconds .

